# JRE version: Java(TM) SE Runtime Environment (13.0.2+8) (build 13.0.2+8)
# Java VM: Java HotSpot(TM) 64-Bit Server VM (13.0.2+8, mixed mode, sharing, tiered, compressed oops, g1 gc, windows-amd64)
Heap:
 garbage-first heap   total 581632K, used 72539K [0x00000000c3200000, 0x0000000100000000)
  region size 1024K, 1 young (1024K), 1 survivors (1024K)
 Metaspace       used 63883K, capacity 66064K, committed 66332K, reserved 1105920K
  class space    used 8625K, capacity 9423K, committed 9548K, reserved 1048576K
GC Heap History (20 events):
Event: 3452.393 GC heap after
{Heap after GC invocations=98 (full 0):
 garbage-first heap   total 97280K, used 54193K [0x00000000c3200000, 0x0000000100000000)
  region size 1024K, 1 young (1024K), 1 survivors (1024K)
 Metaspace       used 62495K, capacity 64354K, committed 64540K, reserved 1103872K
  class space    used 8518K, capacity 9202K, committed 9292K, reserved 1048576K
}
Event: 3456.209 GC heap before
{Heap before GC invocations=98 (full 0):
 garbage-first heap   total 101376K, used 61361K [0x00000000c3200000, 0x0000000100000000)
  region size 1024K, 9 young (9216K), 1 survivors (1024K)
 Metaspace       used 62592K, capacity 64453K, committed 64796K, reserved 1105920K
  class space    used 8520K, capacity 9234K, committed 9292K, reserved 1048576K
}
Event: 3456.239 GC heap after
{Heap after GC invocations=99 (full 0):
 garbage-first heap   total 101376K, used 55431K [0x00000000c3200000, 0x0000000100000000)
  region size 1024K, 2 young (2048K), 2 survivors (2048K)
 Metaspace       used 62592K, capacity 64453K, committed 64796K, reserved 1105920K
  class space    used 8520K, capacity 9234K, committed 9292K, reserved 1048576K
}
Event: 3456.620 GC heap before
{Heap before GC invocations=99 (full 0):
 garbage-first heap   total 101376K, used 64647K [0x00000000c3200000, 0x0000000100000000)
  region size 1024K, 12 young (12288K), 2 survivors (2048K)
 Metaspace       used 62796K, capacity 64712K, committed 65052K, reserved 1105920K
  class space    used 8520K, capacity 9234K, committed 9292K, reserved 1048576K
}
Event: 3456.756 GC heap after
{Heap after GC invocations=100 (full 0):
 garbage-first heap   total 101376K, used 60859K [0x00000000c3200000, 0x0000000100000000)
  region size 1024K, 2 young (2048K), 2 survivors (2048K)
 Metaspace       used 62796K, capacity 64712K, committed 65052K, reserved 1105920K
  class space    used 8520K, capacity 9234K, committed 9292K, reserved 1048576K
}
Event: 3457.642 GC heap before
{Heap before GC invocations=100 (full 0):
 garbage-first heap   total 101376K, used 72123K [0x00000000c3200000, 0x0000000100000000)
  region size 1024K, 13 young (13312K), 2 survivors (2048K)
 Metaspace       used 62925K, capacity 64841K, committed 65052K, reserved 1105920K
  class space    used 8521K, capacity 9234K, committed 9292K, reserved 1048576K
}
Event: 3457.802 GC heap after
{Heap after GC invocations=101 (full 0):
 garbage-first heap   total 101376K, used 61941K [0x00000000c3200000, 0x0000000100000000)
  region size 1024K, 1 young (1024K), 1 survivors (1024K)
 Metaspace       used 62925K, capacity 64841K, committed 65052K, reserved 1105920K
  class space    used 8521K, capacity 9234K, committed 9292K, reserved 1048576K
}
Event: 3459.543 GC heap before
{Heap before GC invocations=102 (full 0):
 garbage-first heap   total 101376K, used 67061K [0x00000000c3200000, 0x0000000100000000)
  region size 1024K, 7 young (7168K), 1 survivors (1024K)
 Metaspace       used 63054K, capacity 64986K, committed 65052K, reserved 1105920K
  class space    used 8533K, capacity 9258K, committed 9292K, reserved 1048576K
}
Event: 3460.741 GC heap after
{Heap after GC invocations=103 (full 0):
 garbage-first heap   total 101376K, used 63388K [0x00000000c3200000, 0x0000000100000000)
  region size 1024K, 1 young (1024K), 1 survivors (1024K)
 Metaspace       used 63054K, capacity 64986K, committed 65052K, reserved 1105920K
  class space    used 8533K, capacity 9258K, committed 9292K, reserved 1048576K
}
Event: 3462.599 GC heap before
{Heap before GC invocations=103 (full 0):
 garbage-first heap   total 101376K, used 66460K [0x00000000c3200000, 0x0000000100000000)
  region size 1024K, 4 young (4096K), 1 survivors (1024K)
 Metaspace       used 63176K, capacity 65176K, committed 65308K, reserved 1105920K
  class space    used 8547K, capacity 9283K, committed 9292K, reserved 1048576K
}
Event: 3463.003 GC heap after
{Heap after GC invocations=104 (full 0):
 garbage-first heap   total 101376K, used 63945K [0x00000000c3200000, 0x0000000100000000)
  region size 1024K, 1 young (1024K), 1 survivors (1024K)
 Metaspace       used 63176K, capacity 65176K, committed 65308K, reserved 1105920K
  class space    used 8547K, capacity 9283K, committed 9292K, reserved 1048576K
}
Event: 3463.778 GC heap before
{Heap before GC invocations=104 (full 0):
 garbage-first heap   total 101376K, used 65993K [0x00000000c3200000, 0x0000000100000000)
  region size 1024K, 4 young (4096K), 1 survivors (1024K)
 Metaspace       used 63214K, capacity 65203K, committed 65308K, reserved 1105920K
  class space    used 8550K, capacity 9291K, committed 9292K, reserved 1048576K
}
Event: 3464.557 GC heap after
{Heap after GC invocations=105 (full 0):
 garbage-first heap   total 304128K, used 64734K [0x00000000c3200000, 0x0000000100000000)
  region size 1024K, 1 young (1024K), 1 survivors (1024K)
 Metaspace       used 63214K, capacity 65203K, committed 65308K, reserved 1105920K
  class space    used 8550K, capacity 9291K, committed 9292K, reserved 1048576K
}
Event: 3470.787 GC heap before
{Heap before GC invocations=105 (full 0):
 garbage-first heap   total 304128K, used 77022K [0x00000000c3200000, 0x0000000100000000)
  region size 1024K, 14 young (14336K), 1 survivors (1024K)
 Metaspace       used 63484K, capacity 65528K, committed 65692K, reserved 1105920K
  class space    used 8575K, capacity 9332K, committed 9420K, reserved 1048576K
}
Event: 3471.582 GC heap after
{Heap after GC invocations=106 (full 0):
 garbage-first heap   total 304128K, used 68529K [0x00000000c3200000, 0x0000000100000000)
  region size 1024K, 2 young (2048K), 2 survivors (2048K)
 Metaspace       used 63484K, capacity 65528K, committed 65692K, reserved 1105920K
  class space    used 8575K, capacity 9332K, committed 9420K, reserved 1048576K
}
Event: 3479.303 GC heap before
{Heap before GC invocations=106 (full 0):
 garbage-first heap   total 304128K, used 80817K [0x00000000c3200000, 0x0000000100000000)
  region size 1024K, 14 young (14336K), 2 survivors (2048K)
 Metaspace       used 63651K, capacity 65748K, committed 65948K, reserved 1105920K
  class space    used 8615K, capacity 9404K, committed 9420K, reserved 1048576K
}
Event: 3481.833 GC heap after
{Heap after GC invocations=107 (full 0):
 garbage-first heap   total 304128K, used 69959K [0x00000000c3200000, 0x0000000100000000)
  region size 1024K, 2 young (2048K), 2 survivors (2048K)
 Metaspace       used 63651K, capacity 65748K, committed 65948K, reserved 1105920K
  class space    used 8615K, capacity 9404K, committed 9420K, reserved 1048576K
}
Event: 3485.359 GC heap before
{Heap before GC invocations=107 (full 0):
 garbage-first heap   total 304128K, used 81223K [0x00000000c3200000, 0x0000000100000000)
  region size 1024K, 14 young (14336K), 2 survivors (2048K)
 Metaspace       used 63774K, capacity 65975K, committed 66204K, reserved 1105920K
  class space    used 8621K, capacity 9415K, committed 9420K, reserved 1048576K
}
Event: 3485.659 GC heap after
{Heap after GC invocations=108 (full 0):
 garbage-first heap   total 304128K, used 71910K [0x00000000c3200000, 0x0000000100000000)
  region size 1024K, 2 young (2048K), 2 survivors (2048K)
 Metaspace       used 63774K, capacity 65975K, committed 66204K, reserved 1105920K
  class space    used 8621K, capacity 9415K, committed 9420K, reserved 1048576K
}
Event: 3487.617 GC heap before
{Heap before GC invocations=108 (full 0):
 garbage-first heap   total 304128K, used 84198K [0x00000000c3200000, 0x0000000100000000)
  region size 1024K, 14 young (14336K), 2 survivors (2048K)
 Metaspace       used 63883K, capacity 66064K, committed 66332K, reserved 1105920K
  class space    used 8625K, capacity 9423K, committed 9548K, reserved 1048576K
}

